<?xml version="1.0" encoding="UTF-8"?>
<!-- Generated by org.testng.reporters.JUnitReportReporter -->
<testsuite hostname="Dhanashri" failures="0" tests="2" name="Akamai.EtETest.SubmitTestETE" time="44.596" errors="0" timestamp="2025-03-28T13:26:21 IST" skipped="0">
  <testcase classname="Akamai.EtETest.SubmitTestETE" name="sumitOrder" time="20.180"/>
  <testcase classname="Akamai.EtETest.SubmitTestETE" name="sumitOrder" time="24.416"/>
</testsuite> <!-- Akamai.EtETest.SubmitTestETE -->
