<?xml version="1.0" encoding="UTF-8"?>
<!-- Generated by org.testng.reporters.JUnitReportReporter -->
<testsuite hostname="Dhanashri" failures="0" tests="2" name="Akamai.EtETest.SubmitTestETE" time="33.374" errors="0" timestamp="2025-03-30T07:45:49 IST" skipped="0">
  <testcase classname="Akamai.EtETest.SubmitTestETE" name="sumitOrder" time="14.673"/>
  <testcase classname="Akamai.EtETest.SubmitTestETE" name="sumitOrder" time="18.701"/>
</testsuite> <!-- Akamai.EtETest.SubmitTestETE -->
